<?xml version="1.0" encoding="UTF-8"?>
<testng-results skipped="0" failed="0" ignored="0" total="1" passed="1">
  <reporter-output>
  </reporter-output>
  <suite name="regression" duration-ms="25522" started-at="2021-05-21T15:19:34 CDT" finished-at="2021-05-21T15:20:00 CDT">
    <groups>
    </groups>
    <test name="LoginTest" duration-ms="25522" started-at="2021-05-21T15:19:34 CDT" finished-at="2021-05-21T15:20:00 CDT">
      <class name="Test.AddCustomerTest">
        <test-method status="PASS" signature="userShouldAbleToUseSearchBarOnListCustomer(java.lang.String,java.lang.String,java.lang.String,java.lang.String,java.lang.String,java.lang.String,java.lang.String,java.lang.String,java.lang.String,java.lang.String,java.lang.String)[pri:0, instance:Test.AddCustomerTest@3712b94]" name="userShouldAbleToUseSearchBarOnListCustomer" duration-ms="25481" started-at="2021-05-21T15:19:34 CDT" finished-at="2021-05-21T15:20:00 CDT">
          <params>
            <param index="0">
              <value>
                <![CDATA[demo@techfios.com]]>
              </value>
            </param>
            <param index="1">
              <value>
                <![CDATA[abc123]]>
              </value>
            </param>
            <param index="2">
              <value>
                <![CDATA[QR company]]>
              </value>
            </param>
            <param index="3">
              <value>
                <![CDATA[Google]]>
              </value>
            </param>
            <param index="4">
              <value>
                <![CDATA[qr@gmail.com]]>
              </value>
            </param>
            <param index="5">
              <value>
                <![CDATA[85958595]]>
              </value>
            </param>
            <param index="6">
              <value>
                <![CDATA[254 Alona dr]]>
              </value>
            </param>
            <param index="7">
              <value>
                <![CDATA[Dallas]]>
              </value>
            </param>
            <param index="8">
              <value>
                <![CDATA[TX]]>
              </value>
            </param>
            <param index="9">
              <value>
                <![CDATA[75645]]>
              </value>
            </param>
            <param index="10">
              <value>
                <![CDATA[United Kingdom]]>
              </value>
            </param>
          </params>
          <reporter-output>
          </reporter-output>
        </test-method> <!-- userShouldAbleToUseSearchBarOnListCustomer -->
      </class> <!-- Test.AddCustomerTest -->
    </test> <!-- LoginTest -->
  </suite> <!-- regression -->
</testng-results>
